[0.061s] Invoking command in '/home/pi/ros2_ws/build/diffdrive_arduino': CMAKE_PREFIX_PATH=/home/pi/ros2_ws/install/serial:/home/pi/ros2_ws/install/serial_motor_demo_msgs:/home/pi/ros2_ws/install/diffdrive_arduino:/home/pi/ros2_ws/install/articubot_one:/home/pi/ros2_ws/install/serial_motor_demo:/opt/ros/humble /usr/bin/cmake --build /home/pi/ros2_ws/build/diffdrive_arduino -- -j4 -l4
[0.193s] -- Found ament_cmake: 1.3.10 (/opt/ros/humble/share/ament_cmake/cmake)
[0.835s] -- Found serial: 1.2.1 (/home/pi/ros2_ws/install/serial/share/serial/cmake)
[0.841s] -- Found hardware_interface: 2.43.1 (/opt/ros/humble/share/hardware_interface/cmake)
[1.041s] -- Found rosidl_generator_c: 3.1.5 (/opt/ros/humble/share/rosidl_generator_c/cmake)
[1.053s] -- Found rosidl_adapter: 3.1.5 (/opt/ros/humble/share/rosidl_adapter/cmake)
[1.082s] -- Found rosidl_generator_cpp: 3.1.5 (/opt/ros/humble/share/rosidl_generator_cpp/cmake)
[1.126s] -- Using all available rosidl_typesupport_c: rosidl_typesupport_fastrtps_c;rosidl_typesupport_introspection_c
[1.185s] -- Using all available rosidl_typesupport_cpp: rosidl_typesupport_fastrtps_cpp;rosidl_typesupport_introspection_cpp
[2.274s] -- Found rmw_implementation_cmake: 6.1.2 (/opt/ros/humble/share/rmw_implementation_cmake/cmake)
[2.286s] -- Found rmw_fastrtps_cpp: 6.2.7 (/opt/ros/humble/share/rmw_fastrtps_cpp/cmake)
[2.397s] -- Found TinyXML2 via Config file: TinyXML2_DIR-NOTFOUND
[2.438s] -- Found TinyXML2 via Config file: TinyXML2_DIR-NOTFOUND
[2.538s] -- Found TinyXML2 via Config file: TinyXML2_DIR-NOTFOUND
[2.575s] -- Found TinyXML2 via Config file: TinyXML2_DIR-NOTFOUND
[2.618s] -- Using RMW implementation 'rmw_fastrtps_cpp' as default
[2.859s] -- Found controller_manager: 2.43.1 (/opt/ros/humble/share/controller_manager/cmake)
[3.537s] -- Configuring done
[3.902s] -- Generating done
[3.913s] -- Build files have been written to: /home/pi/ros2_ws/build/diffdrive_arduino
[4.043s] [35m[1mConsolidate compiler generated dependencies of target fake_robot[0m
[4.045s] [35m[1mConsolidate compiler generated dependencies of target diffdrive_arduino[0m
[4.151s] [ 14%] [32mBuilding CXX object CMakeFiles/fake_robot.dir/src/fake_robot.cpp.o[0m
[4.155s] [ 28%] [32mBuilding CXX object CMakeFiles/fake_robot.dir/src/wheel.cpp.o[0m
[4.175s] [ 42%] [32mBuilding CXX object CMakeFiles/diffdrive_arduino.dir/src/diffdrive_arduino.cpp.o[0m
[4.176s] [ 57%] [32mBuilding CXX object CMakeFiles/diffdrive_arduino.dir/src/wheel.cpp.o[0m
[6.270s] [ 71%] [32mBuilding CXX object CMakeFiles/diffdrive_arduino.dir/src/arduino_comms.cpp.o[0m
[6.577s] In file included from [01m[K/home/pi/ros2_ws/src/diffdrive_arduino/src/fake_robot.cpp:1[m[K:
[6.578s] [01m[K/home/pi/ros2_ws/src/diffdrive_arduino/include/diffdrive_arduino/fake_robot.h:7:10:[m[K [01;31m[Kfatal error: [m[Khardware_interface/base_interface.hpp: No such file or directory
[6.578s]     7 | #include [01;31m[K"hardware_interface/base_interface.hpp"[m[K
[6.579s]       |          [01;31m[K^~~~~~~~~~~~~~~~~~~~~~~~~~~~~~~~~~~~~~~[m[K
[6.579s] compilation terminated.
[6.590s] gmake[2]: *** [CMakeFiles/fake_robot.dir/build.make:76: CMakeFiles/fake_robot.dir/src/fake_robot.cpp.o] Error 1
[6.591s] gmake[1]: *** [CMakeFiles/Makefile2:165: CMakeFiles/fake_robot.dir/all] Error 2
[6.591s] gmake[1]: *** Waiting for unfinished jobs....
[6.742s] In file included from [01m[K/home/pi/ros2_ws/src/diffdrive_arduino/src/diffdrive_arduino.cpp:1[m[K:
[6.742s] [01m[K/home/pi/ros2_ws/src/diffdrive_arduino/include/diffdrive_arduino/diffdrive_arduino.h:7:10:[m[K [01;31m[Kfatal error: [m[Khardware_interface/base_interface.hpp: No such file or directory
[6.743s]     7 | #include [01;31m[K"hardware_interface/base_interface.hpp"[m[K
[6.743s]       |          [01;31m[K^~~~~~~~~~~~~~~~~~~~~~~~~~~~~~~~~~~~~~~[m[K
[6.744s] compilation terminated.
[6.752s] gmake[2]: *** [CMakeFiles/diffdrive_arduino.dir/build.make:76: CMakeFiles/diffdrive_arduino.dir/src/diffdrive_arduino.cpp.o] Error 1
[6.752s] gmake[2]: *** Waiting for unfinished jobs....
[19.626s] gmake[1]: *** [CMakeFiles/Makefile2:139: CMakeFiles/diffdrive_arduino.dir/all] Error 2
[19.627s] gmake: *** [Makefile:146: all] Error 2
[19.634s] Invoked command in '/home/pi/ros2_ws/build/diffdrive_arduino' returned '2': CMAKE_PREFIX_PATH=/home/pi/ros2_ws/install/serial:/home/pi/ros2_ws/install/serial_motor_demo_msgs:/home/pi/ros2_ws/install/diffdrive_arduino:/home/pi/ros2_ws/install/articubot_one:/home/pi/ros2_ws/install/serial_motor_demo:/opt/ros/humble /usr/bin/cmake --build /home/pi/ros2_ws/build/diffdrive_arduino -- -j4 -l4
